# JRE version: Java(TM) SE Runtime Environment (21.0+35) (build 21+35-LTS-2513)
# Java VM: Java HotSpot(TM) 64-Bit Server VM (21+35-LTS-2513, mixed mode, sharing, tiered, compressed oops, compressed class ptrs, g1 gc, windows-amd64)
GC Precious Log:
 CardTable entry size: 512
 Card Set container configuration: InlinePtr #cards 5 size 8 Array Of Cards #cards 12 size 40 Howl #buckets 4 coarsen threshold 1843 Howl Bitmap #cards 512 size 80 coarsen threshold 460 Card regions per heap region 1 cards per card region 2048
 CPUs: 8 total, 8 available
 Memory: 16149M
 Large Page Support: Disabled
 NUMA Support: Disabled
 Compressed Oops: Enabled (32-bit)
 Heap Region Size: 1M
 Heap Min Capacity: 8M
 Heap Initial Capacity: 254M
 Heap Max Capacity: 2G
 Pre-touch: Disabled
 Parallel Workers: 8
 Concurrent Workers: 2
 Concurrent Refinement Workers: 8
 Periodic GC: Disabled
Heap:
 garbage-first heap   total 179200K, used 156563K [0x0000000080000000, 0x0000000100000000)
  region size 1024K, 53 young (54272K), 3 survivors (3072K)
 Metaspace       used 80416K, committed 82432K, reserved 1179648K
  class space    used 10929K, committed 11968K, reserved 1048576K
GC Heap History (20 events):
Event: 3.668 GC heap before
{Heap before GC invocations=8 (full 0):
 garbage-first heap   total 100352K, used 88954K [0x0000000080000000, 0x0000000100000000)
  region size 1024K, 34 young (34816K), 5 survivors (5120K)
 Metaspace       used 38336K, committed 39808K, reserved 1114112K
  class space    used 5427K, committed 6144K, reserved 1048576K
}
Event: 3.673 GC heap after
{Heap after GC invocations=9 (full 0):
 garbage-first heap   total 100352K, used 60258K [0x0000000080000000, 0x0000000100000000)
  region size 1024K, 3 young (3072K), 3 survivors (3072K)
 Metaspace       used 38336K, committed 39808K, reserved 1114112K
  class space    used 5427K, committed 6144K, reserved 1048576K
}
Event: 4.042 GC heap before
{Heap before GC invocations=9 (full 0):
 garbage-first heap   total 100352K, used 95074K [0x0000000080000000, 0x0000000100000000)
  region size 1024K, 31 young (31744K), 3 survivors (3072K)
 Metaspace       used 41345K, committed 42816K, reserved 1114112K
  class space    used 5732K, committed 6464K, reserved 1048576K
}
Event: 4.047 GC heap after
{Heap after GC invocations=10 (full 0):
 garbage-first heap   total 104448K, used 70111K [0x0000000080000000, 0x0000000100000000)
  region size 1024K, 4 young (4096K), 4 survivors (4096K)
 Metaspace       used 41345K, committed 42816K, reserved 1114112K
  class space    used 5732K, committed 6464K, reserved 1048576K
}
Event: 4.243 GC heap before
{Heap before GC invocations=10 (full 0):
 garbage-first heap   total 104448K, used 93663K [0x0000000080000000, 0x0000000100000000)
  region size 1024K, 27 young (27648K), 4 survivors (4096K)
 Metaspace       used 43282K, committed 44864K, reserved 1114112K
  class space    used 6051K, committed 6848K, reserved 1048576K
}
Event: 4.247 GC heap after
{Heap after GC invocations=11 (full 0):
 garbage-first heap   total 125952K, used 71867K [0x0000000080000000, 0x0000000100000000)
  region size 1024K, 2 young (2048K), 2 survivors (2048K)
 Metaspace       used 43282K, committed 44864K, reserved 1114112K
  class space    used 6051K, committed 6848K, reserved 1048576K
}
Event: 4.627 GC heap before
{Heap before GC invocations=12 (full 0):
 garbage-first heap   total 126976K, used 109755K [0x0000000080000000, 0x0000000100000000)
  region size 1024K, 40 young (40960K), 2 survivors (2048K)
 Metaspace       used 50188K, committed 51776K, reserved 1114112K
  class space    used 7392K, committed 8192K, reserved 1048576K
}
Event: 4.630 GC heap after
{Heap after GC invocations=13 (full 0):
 garbage-first heap   total 126976K, used 73565K [0x0000000080000000, 0x0000000100000000)
  region size 1024K, 4 young (4096K), 4 survivors (4096K)
 Metaspace       used 50188K, committed 51776K, reserved 1114112K
  class space    used 7392K, committed 8192K, reserved 1048576K
}
Event: 5.016 GC heap before
{Heap before GC invocations=13 (full 0):
 garbage-first heap   total 126976K, used 117597K [0x0000000080000000, 0x0000000100000000)
  region size 1024K, 43 young (44032K), 4 survivors (4096K)
 Metaspace       used 56887K, committed 58496K, reserved 1114112K
  class space    used 8177K, committed 8960K, reserved 1048576K
}
Event: 5.019 GC heap after
{Heap after GC invocations=14 (full 0):
 garbage-first heap   total 126976K, used 78379K [0x0000000080000000, 0x0000000100000000)
  region size 1024K, 4 young (4096K), 4 survivors (4096K)
 Metaspace       used 56887K, committed 58496K, reserved 1114112K
  class space    used 8177K, committed 8960K, reserved 1048576K
}
Event: 5.193 GC heap before
{Heap before GC invocations=14 (full 0):
 garbage-first heap   total 126976K, used 97835K [0x0000000080000000, 0x0000000100000000)
  region size 1024K, 24 young (24576K), 4 survivors (4096K)
 Metaspace       used 60673K, committed 62336K, reserved 1114112K
  class space    used 8671K, committed 9472K, reserved 1048576K
}
Event: 5.196 GC heap after
{Heap after GC invocations=15 (full 0):
 garbage-first heap   total 126976K, used 79035K [0x0000000080000000, 0x0000000100000000)
  region size 1024K, 2 young (2048K), 2 survivors (2048K)
 Metaspace       used 60673K, committed 62336K, reserved 1114112K
  class space    used 8671K, committed 9472K, reserved 1048576K
}
Event: 5.402 GC heap before
{Heap before GC invocations=16 (full 0):
 garbage-first heap   total 153600K, used 122043K [0x0000000080000000, 0x0000000100000000)
  region size 1024K, 38 young (38912K), 2 survivors (2048K)
 Metaspace       used 61138K, committed 62720K, reserved 1114112K
  class space    used 8714K, committed 9472K, reserved 1048576K
}
Event: 5.411 GC heap after
{Heap after GC invocations=17 (full 0):
 garbage-first heap   total 153600K, used 88638K [0x0000000080000000, 0x0000000100000000)
  region size 1024K, 5 young (5120K), 5 survivors (5120K)
 Metaspace       used 61138K, committed 62720K, reserved 1114112K
  class space    used 8714K, committed 9472K, reserved 1048576K
}
Event: 5.817 GC heap before
{Heap before GC invocations=17 (full 0):
 garbage-first heap   total 153600K, used 141886K [0x0000000080000000, 0x0000000100000000)
  region size 1024K, 51 young (52224K), 5 survivors (5120K)
 Metaspace       used 67027K, committed 68672K, reserved 1114112K
  class space    used 9378K, committed 10176K, reserved 1048576K
}
Event: 5.822 GC heap after
{Heap after GC invocations=18 (full 0):
 garbage-first heap   total 153600K, used 99328K [0x0000000080000000, 0x0000000100000000)
  region size 1024K, 7 young (7168K), 7 survivors (7168K)
 Metaspace       used 67027K, committed 68672K, reserved 1114112K
  class space    used 9378K, committed 10176K, reserved 1048576K
}
Event: 6.130 GC heap before
{Heap before GC invocations=18 (full 0):
 garbage-first heap   total 153600K, used 138240K [0x0000000080000000, 0x0000000100000000)
  region size 1024K, 45 young (46080K), 7 survivors (7168K)
 Metaspace       used 72304K, committed 74176K, reserved 1114112K
  class space    used 9908K, committed 10816K, reserved 1048576K
}
Event: 6.135 GC heap after
{Heap after GC invocations=19 (full 0):
 garbage-first heap   total 153600K, used 102662K [0x0000000080000000, 0x0000000100000000)
  region size 1024K, 6 young (6144K), 6 survivors (6144K)
 Metaspace       used 72304K, committed 74176K, reserved 1114112K
  class space    used 9908K, committed 10816K, reserved 1048576K
}
Event: 6.484 GC heap before
{Heap before GC invocations=20 (full 0):
 garbage-first heap   total 179200K, used 136454K [0x0000000080000000, 0x0000000100000000)
  region size 1024K, 39 young (39936K), 6 survivors (6144K)
 Metaspace       used 76884K, committed 78912K, reserved 1179648K
  class space    used 10475K, committed 11456K, reserved 1048576K
}
Event: 6.489 GC heap after
{Heap after GC invocations=21 (full 0):
 garbage-first heap   total 179200K, used 105363K [0x0000000080000000, 0x0000000100000000)
  region size 1024K, 3 young (3072K), 3 survivors (3072K)
 Metaspace       used 76884K, committed 78912K, reserved 1179648K
  class space    used 10475K, committed 11456K, reserved 1048576K
}

