# JRE version: Java(TM) SE Runtime Environment (21.0+35) (build 21+35-LTS-2513)
# Java VM: Java HotSpot(TM) 64-Bit Server VM (21+35-LTS-2513, mixed mode, sharing, tiered, compressed oops, compressed class ptrs, g1 gc, windows-amd64)
GC Precious Log:
 CardTable entry size: 512
 Card Set container configuration: InlinePtr #cards 5 size 8 Array Of Cards #cards 12 size 40 Howl #buckets 4 coarsen threshold 1843 Howl Bitmap #cards 512 size 80 coarsen threshold 460 Card regions per heap region 1 cards per card region 2048
 CPUs: 8 total, 8 available
 Memory: 16149M
 Large Page Support: Disabled
 NUMA Support: Disabled
 Compressed Oops: Enabled (32-bit)
 Heap Region Size: 1M
 Heap Min Capacity: 8M
 Heap Initial Capacity: 254M
 Heap Max Capacity: 2G
 Pre-touch: Disabled
 Parallel Workers: 8
 Concurrent Workers: 2
 Concurrent Refinement Workers: 8
 Periodic GC: Disabled
Heap:
 garbage-first heap   total 174080K, used 94682K [0x0000000080000000, 0x0000000100000000)
  region size 1024K, 8 young (8192K), 8 survivors (8192K)
 Metaspace       used 84893K, committed 86912K, reserved 1179648K
  class space    used 11391K, committed 12416K, reserved 1048576K
GC Heap History (20 events):
Event: 4.991 GC heap after
{Heap after GC invocations=13 (full 0):
 garbage-first heap   total 104448K, used 57177K [0x0000000080000000, 0x0000000100000000)
  region size 1024K, 4 young (4096K), 4 survivors (4096K)
 Metaspace       used 49791K, committed 51392K, reserved 1114112K
  class space    used 7342K, committed 8128K, reserved 1048576K
}
Event: 5.443 GC heap before
{Heap before GC invocations=13 (full 0):
 garbage-first heap   total 104448K, used 97113K [0x0000000080000000, 0x0000000100000000)
  region size 1024K, 39 young (39936K), 4 survivors (4096K)
 Metaspace       used 55814K, committed 57344K, reserved 1114112K
  class space    used 8037K, committed 8768K, reserved 1048576K
}
Event: 5.447 GC heap after
{Heap after GC invocations=14 (full 0):
 garbage-first heap   total 104448K, used 62180K [0x0000000080000000, 0x0000000100000000)
  region size 1024K, 4 young (4096K), 4 survivors (4096K)
 Metaspace       used 55814K, committed 57344K, reserved 1114112K
  class space    used 8037K, committed 8768K, reserved 1048576K
}
Event: 5.747 GC heap before
{Heap before GC invocations=14 (full 0):
 garbage-first heap   total 104448K, used 82660K [0x0000000080000000, 0x0000000100000000)
  region size 1024K, 25 young (25600K), 4 survivors (4096K)
 Metaspace       used 59897K, committed 61504K, reserved 1114112K
  class space    used 8564K, committed 9344K, reserved 1048576K
}
Event: 5.750 GC heap after
{Heap after GC invocations=15 (full 0):
 garbage-first heap   total 104448K, used 62905K [0x0000000080000000, 0x0000000100000000)
  region size 1024K, 2 young (2048K), 2 survivors (2048K)
 Metaspace       used 59897K, committed 61504K, reserved 1114112K
  class space    used 8564K, committed 9344K, reserved 1048576K
}
Event: 5.921 GC heap before
{Heap before GC invocations=16 (full 0):
 garbage-first heap   total 117760K, used 100793K [0x0000000080000000, 0x0000000100000000)
  region size 1024K, 33 young (33792K), 2 survivors (2048K)
 Metaspace       used 60008K, committed 61632K, reserved 1114112K
  class space    used 8572K, committed 9344K, reserved 1048576K
}
Event: 5.928 GC heap after
{Heap after GC invocations=17 (full 0):
 garbage-first heap   total 117760K, used 72092K [0x0000000080000000, 0x0000000100000000)
  region size 1024K, 5 young (5120K), 5 survivors (5120K)
 Metaspace       used 60008K, committed 61632K, reserved 1114112K
  class space    used 8572K, committed 9344K, reserved 1048576K
}
Event: 6.250 GC heap before
{Heap before GC invocations=17 (full 0):
 garbage-first heap   total 117760K, used 102812K [0x0000000080000000, 0x0000000100000000)
  region size 1024K, 35 young (35840K), 5 survivors (5120K)
 Metaspace       used 63804K, committed 65472K, reserved 1114112K
  class space    used 8996K, committed 9792K, reserved 1048576K
}
Event: 6.255 GC heap after
{Heap after GC invocations=18 (full 0):
 garbage-first heap   total 117760K, used 73925K [0x0000000080000000, 0x0000000100000000)
  region size 1024K, 2 young (2048K), 2 survivors (2048K)
 Metaspace       used 63804K, committed 65472K, reserved 1114112K
  class space    used 8996K, committed 9792K, reserved 1048576K
}
Event: 6.298 GC heap before
{Heap before GC invocations=18 (full 0):
 garbage-first heap   total 117760K, used 78021K [0x0000000080000000, 0x0000000100000000)
  region size 1024K, 7 young (7168K), 2 survivors (2048K)
 Metaspace       used 64325K, committed 65920K, reserved 1114112K
  class space    used 9056K, committed 9792K, reserved 1048576K
}
Event: 6.300 GC heap after
{Heap after GC invocations=19 (full 0):
 garbage-first heap   total 117760K, used 74486K [0x0000000080000000, 0x0000000100000000)
  region size 1024K, 3 young (3072K), 3 survivors (3072K)
 Metaspace       used 64325K, committed 65920K, reserved 1114112K
  class space    used 9056K, committed 9792K, reserved 1048576K
}
Event: 6.638 GC heap before
{Heap before GC invocations=20 (full 0):
 garbage-first heap   total 143360K, used 112374K [0x0000000080000000, 0x0000000100000000)
  region size 1024K, 34 young (34816K), 3 survivors (3072K)
 Metaspace       used 68426K, committed 70016K, reserved 1114112K
  class space    used 9436K, committed 10176K, reserved 1048576K
}
Event: 6.641 GC heap after
{Heap after GC invocations=21 (full 0):
 garbage-first heap   total 143360K, used 83783K [0x0000000080000000, 0x0000000100000000)
  region size 1024K, 5 young (5120K), 5 survivors (5120K)
 Metaspace       used 68426K, committed 70016K, reserved 1114112K
  class space    used 9436K, committed 10176K, reserved 1048576K
}
Event: 7.110 GC heap before
{Heap before GC invocations=21 (full 0):
 garbage-first heap   total 143360K, used 124743K [0x0000000080000000, 0x0000000100000000)
  region size 1024K, 45 young (46080K), 5 survivors (5120K)
 Metaspace       used 73958K, committed 75904K, reserved 1114112K
  class space    used 10112K, committed 11072K, reserved 1048576K
}
Event: 7.114 GC heap after
{Heap after GC invocations=22 (full 0):
 garbage-first heap   total 143360K, used 86175K [0x0000000080000000, 0x0000000100000000)
  region size 1024K, 6 young (6144K), 6 survivors (6144K)
 Metaspace       used 73958K, committed 75904K, reserved 1114112K
  class space    used 10112K, committed 11072K, reserved 1048576K
}
Event: 7.540 GC heap before
{Heap before GC invocations=22 (full 0):
 garbage-first heap   total 143360K, used 118943K [0x0000000080000000, 0x0000000100000000)
  region size 1024K, 39 young (39936K), 6 survivors (6144K)
 Metaspace       used 78816K, committed 80768K, reserved 1179648K
  class space    used 10721K, committed 11648K, reserved 1048576K
}
Event: 7.544 GC heap after
{Heap after GC invocations=23 (full 0):
 garbage-first heap   total 143360K, used 89221K [0x0000000080000000, 0x0000000100000000)
  region size 1024K, 6 young (6144K), 6 survivors (6144K)
 Metaspace       used 78816K, committed 80768K, reserved 1179648K
  class space    used 10721K, committed 11648K, reserved 1048576K
}
Event: 7.821 GC heap before
{Heap before GC invocations=24 (full 0):
 garbage-first heap   total 174080K, used 128133K [0x0000000080000000, 0x0000000100000000)
  region size 1024K, 43 young (44032K), 6 survivors (6144K)
 Metaspace       used 79794K, committed 81792K, reserved 1179648K
  class space    used 10830K, committed 11776K, reserved 1048576K
}
Event: 7.825 GC heap after
{Heap after GC invocations=25 (full 0):
 garbage-first heap   total 174080K, used 91291K [0x0000000080000000, 0x0000000100000000)
  region size 1024K, 5 young (5120K), 5 survivors (5120K)
 Metaspace       used 79794K, committed 81792K, reserved 1179648K
  class space    used 10830K, committed 11776K, reserved 1048576K
}
Event: 8.379 GC heap before
{Heap before GC invocations=25 (full 0):
 garbage-first heap   total 174080K, used 149659K [0x0000000080000000, 0x0000000100000000)
  region size 1024K, 62 young (63488K), 5 survivors (5120K)
 Metaspace       used 84893K, committed 86912K, reserved 1179648K
  class space    used 11391K, committed 12416K, reserved 1048576K
}

